Performing C SOURCE FILE Test CMAKE_HAVE_LIBC_PTHREAD failed with the following output:
Change Dir: /home/cluster/JunWu/Cloud-Edge/EdgeServer/build/CMakeFiles/CMakeTmp

Run Build Command(s):/usr/bin/make cmTC_a93da/fast && /usr/bin/make -f CMakeFiles/cmTC_a93da.dir/build.make CMakeFiles/cmTC_a93da.dir/build
make[1]: Entering directory '/home/cluster/JunWu/Cloud-Edge/EdgeServer/build/CMakeFiles/CMakeTmp'
Building C object CMakeFiles/cmTC_a93da.dir/src.c.o
/usr/bin/cc   -DCMAKE_HAVE_LIBC_PTHREAD   -o CMakeFiles/cmTC_a93da.dir/src.c.o   -c /home/cluster/JunWu/Cloud-Edge/EdgeServer/build/CMakeFiles/CMakeTmp/src.c
Linking C executable cmTC_a93da
/usr/bin/cmake -E cmake_link_script CMakeFiles/cmTC_a93da.dir/link.txt --verbose=1
/usr/bin/cc  -DCMAKE_HAVE_LIBC_PTHREAD    -rdynamic CMakeFiles/cmTC_a93da.dir/src.c.o  -o cmTC_a93da 
/usr/local/bin/ld: CMakeFiles/cmTC_a93da.dir/src.c.o: in function `main':
src.c:(.text+0x46): undefined reference to `pthread_create'
/usr/local/bin/ld: src.c:(.text+0x52): undefined reference to `pthread_detach'
/usr/local/bin/ld: src.c:(.text+0x63): undefined reference to `pthread_join'
collect2: error: ld returned 1 exit status
make[1]: *** [CMakeFiles/cmTC_a93da.dir/build.make:87: cmTC_a93da] Error 1
make[1]: Leaving directory '/home/cluster/JunWu/Cloud-Edge/EdgeServer/build/CMakeFiles/CMakeTmp'
make: *** [Makefile:121: cmTC_a93da/fast] Error 2


Source file was:
#include <pthread.h>

void* test_func(void* data)
{
  return data;
}

int main(void)
{
  pthread_t thread;
  pthread_create(&thread, NULL, test_func, NULL);
  pthread_detach(thread);
  pthread_join(thread, NULL);
  pthread_atfork(NULL, NULL, NULL);
  pthread_exit(NULL);

  return 0;
}

Determining if the function pthread_create exists in the pthreads failed with the following output:
Change Dir: /home/cluster/JunWu/Cloud-Edge/EdgeServer/build/CMakeFiles/CMakeTmp

Run Build Command(s):/usr/bin/make cmTC_eb356/fast && /usr/bin/make -f CMakeFiles/cmTC_eb356.dir/build.make CMakeFiles/cmTC_eb356.dir/build
make[1]: Entering directory '/home/cluster/JunWu/Cloud-Edge/EdgeServer/build/CMakeFiles/CMakeTmp'
Building C object CMakeFiles/cmTC_eb356.dir/CheckFunctionExists.c.o
/usr/bin/cc   -DCHECK_FUNCTION_EXISTS=pthread_create   -o CMakeFiles/cmTC_eb356.dir/CheckFunctionExists.c.o   -c /usr/share/cmake-3.16/Modules/CheckFunctionExists.c
Linking C executable cmTC_eb356
/usr/bin/cmake -E cmake_link_script CMakeFiles/cmTC_eb356.dir/link.txt --verbose=1
/usr/bin/cc  -DCHECK_FUNCTION_EXISTS=pthread_create    -rdynamic CMakeFiles/cmTC_eb356.dir/CheckFunctionExists.c.o  -o cmTC_eb356  -lpthreads 
/usr/local/bin/ld: cannot find -lpthreads
collect2: error: ld returned 1 exit status
make[1]: *** [CMakeFiles/cmTC_eb356.dir/build.make:87: cmTC_eb356] Error 1
make[1]: Leaving directory '/home/cluster/JunWu/Cloud-Edge/EdgeServer/build/CMakeFiles/CMakeTmp'
make: *** [Makefile:121: cmTC_eb356/fast] Error 2



